<?xml version="1.0" encoding="UTF-8"?>
<testng-results ignored="0" total="1" passed="1" failed="0" skipped="0">
  <reporter-output>
  </reporter-output>
  <suite started-at="2023-04-27T15:56:01 IST" name="Default suite" finished-at="2023-04-27T15:56:14 IST" duration-ms="13208">
    <groups>
    </groups>
    <test started-at="2023-04-27T15:56:01 IST" name="Default test" finished-at="2023-04-27T15:56:14 IST" duration-ms="13208">
      <class name="test.task5">
        <test-method signature="Task1()[pri:0, instance:test.task5@73e9cf30]" started-at="2023-04-27T15:56:01 IST" name="Task1" finished-at="2023-04-27T15:56:14 IST" duration-ms="13157" status="PASS">
          <reporter-output>
          </reporter-output>
        </test-method> <!-- Task1 -->
      </class> <!-- test.task5 -->
    </test> <!-- Default test -->
  </suite> <!-- Default suite -->
</testng-results>
